<?xml version="1.0" encoding="UTF-8"?>
<!--suppress CheckTagEmptyBody -->
<beans xmlns="http://www.springframework.org/schema/beans"
	xmlns:xsi="http://www.w3.org/2001/XMLSchema-instance"
	xsi:schemaLocation="http://www.springframework.org/schema/beans
						http://www.springframework.org/schema/beans/spring-beans.xsd">

	<bean id="mockedBoardService" class="org.mockito.Mockito" factory-method="mock" primary="true">
		<constructor-arg value="com.rohaky.service.BoardService"/>
	</bean>
</beans>
